customer/build/app/intermediates/proguard-rules/release/aapt_rules.txt
# Referenced at merged_manifests/release/AndroidManifest.xml:32
-keep class androidx.core.app.CoreComponentFactory { <init>(); }
# Referenced at merged_manifests/release/AndroidManifest.xml:42
-keep class com.example.customer.MainActivity { <init>(); }
# Referenced at merged_manifests/release/AndroidManifest.xml:102
-keep class com.google.android.gms.common.api.GoogleApiActivity { <init>(); }
# Referenced at merged_manifests/release/AndroidManifest.xml:32
-keep class io.flutter.app.FlutterApplication { <init>(); }
# Referenced at merged_manifests/release/AndroidManifest.xml:84
-keep class io.flutter.plugins.imagepicker.ImagePickerFileProvider { <init>(); }
# Referenced at merged_manifests/release/AndroidManifest.xml:94
-keep class io.flutter.plugins.urllauncher.WebViewActivity { <init>(); }