customer/build/app/outputs/mapping/release/mapping.txt
# compiler: R8
# compiler_version: 1.5.64
# min_api: 21
# pg_map_id: 78efc49
...
androidx.core.app.NotificationCompat$Style -> androidx.core.app.d$d:
    java.lang.CharSequence mBigContentTitle -> b
    androidx.core.app.NotificationCompat$Builder mBuilder -> a
    java.lang.CharSequence mSummaryText -> c
    boolean mSummaryTextSet -> d
    void addCompatExtras(android.os.Bundle) -> a
    void apply(androidx.core.app.NotificationBuilderWithBuilderAccessor) -> a
    void setBuilder(androidx.core.app.NotificationCompat$Builder) -> a
    android.widget.RemoteViews makeBigContentView(androidx.core.app.NotificationBuilderWithBuilderAccessor) -> b
    android.widget.RemoteViews makeContentView(androidx.core.app.NotificationBuilderWithBuilderAccessor) -> c
    android.widget.RemoteViews makeHeadsUpContentView(androidx.core.app.NotificationBuilderWithBuilderAccessor) -> d
androidx.core.app.NotificationCompatBuilder -> androidx.core.app.e:
    androidx.core.app.NotificationCompat$Builder mBuilderCompat -> b
    android.widget.RemoteViews mBigContentView -> d
    java.util.List mActionExtrasList -> e
    android.widget.RemoteViews mContentView -> c
    android.widget.RemoteViews mHeadsUpContentView -> h
    android.os.Bundle mExtras -> f
    int mGroupAlertBehavior -> g
    android.app.Notification$Builder mBuilder -> a
    void addAction(androidx.core.app.NotificationCompat$Action) -> a
    android.app.Notification$Builder getBuilder() -> a
    void removeSoundAndVibration(android.app.Notification) -> a
    android.app.Notification build() -> b
    android.app.Notification buildInternal() -> c
androidx.core.app.NotificationCompatJellybean -> androidx.core.app.f:
    java.lang.reflect.Field sExtrasField -> b
    java.lang.Object sExtrasLock -> a
    boolean sExtrasFieldAccessFailed -> c
    android.util.SparseArray buildActionExtrasMap(java.util.List) -> a
    android.os.Bundle getBundleForAction(androidx.core.app.NotificationCompat$Action) -> a
    android.os.Bundle getExtras(android.app.Notification) -> a
    android.os.Bundle toBundle(androidx.core.app.RemoteInput) -> a
    android.os.Bundle[] toBundleArray(androidx.core.app.RemoteInput[]) -> a
    android.os.Bundle writeActionAndGetExtras(android.app.Notification$Builder,androidx.core.app.NotificationCompat$Action) -> a
androidx.core.app.RemoteActionCompat -> androidx.core.app.RemoteActionCompat:
    androidx.core.graphics.drawable.IconCompat mIcon -> a
    java.lang.CharSequence mTitle -> b
    java.lang.CharSequence mContentDescription -> c
    boolean mEnabled -> e
    boolean mShouldShowIcon -> f
    android.app.PendingIntent mActionIntent -> d
androidx.core.app.RemoteInput -> androidx.core.app.g:
    android.app.RemoteInput fromCompat(androidx.core.app.RemoteInput) -> a
    android.app.RemoteInput[] fromCompat(androidx.core.app.RemoteInput[]) -> a
    java.lang.String getResultKey() -> a
androidx.core.app.SharedElementCallback -> androidx.core.app.h:
    void onMapSharedElements(java.util.List,java.util.Map) -> a
    void onSharedElementEnd(java.util.List,java.util.List,java.util.List) -> a
    void onSharedElementStart(java.util.List,java.util.List,java.util.List) -> b
androidx.core.content.ContextCompat -> a.c.b.a:
    int checkSelfPermission(android.content.Context,java.lang.String) -> a
    java.io.File[] getExternalCacheDirs(android.content.Context) -> a
    java.io.File[] getExternalFilesDirs(android.content.Context,java.lang.String) -> b